2016-11-22 18:49:00,908[0ms][main][win.caicaikan.task.TaskTemplete][INFO] - 任务【LotterySsqTask】START 
2016-11-22 18:49:01,434[526ms][main][win.caicaikan.task.TaskTemplete][ERROR] - LotterySsqTask execute error
java.lang.IndexOutOfBoundsException: Index: 0, Size: 0
	at java.util.ArrayList.rangeCheck(ArrayList.java:653)
	at java.util.ArrayList.get(ArrayList.java:429)
	at win.caicaikan.service.LotterySsqService.convertDocumentToResult(LotterySsqService.java:47)
	at win.caicaikan.service.BaseService.doGet(BaseService.java:30)
	at win.caicaikan.service.LotterySsqService.getSsqInfoByLotteryReq(LotterySsqService.java:27)
	at win.caicaikan.task.LotterySsqTask.run(LotterySsqTask.java:42)
	at win.caicaikan.task.TaskTemplete.execute(TaskTemplete.java:22)
	at win.caicaikan.task.LotterySsqTaskTest.testExecute(LotterySsqTaskTest.java:24)
	at sun.reflect.NativeMethodAccessorImpl.invoke0(Native Method)
	at sun.reflect.NativeMethodAccessorImpl.invoke(NativeMethodAccessorImpl.java:62)
	at sun.reflect.DelegatingMethodAccessorImpl.invoke(DelegatingMethodAccessorImpl.java:43)
	at java.lang.reflect.Method.invoke(Method.java:483)
	at org.junit.runners.model.FrameworkMethod$1.runReflectiveCall(FrameworkMethod.java:50)
	at org.junit.internal.runners.model.ReflectiveCallable.run(ReflectiveCallable.java:12)
	at org.junit.runners.model.FrameworkMethod.invokeExplosively(FrameworkMethod.java:47)
	at org.junit.internal.runners.statements.InvokeMethod.evaluate(InvokeMethod.java:17)
	at org.springframework.test.context.junit4.statements.RunBeforeTestMethodCallbacks.evaluate(RunBeforeTestMethodCallbacks.java:75)
	at org.springframework.test.context.junit4.statements.RunAfterTestMethodCallbacks.evaluate(RunAfterTestMethodCallbacks.java:86)
	at org.springframework.test.context.junit4.statements.SpringRepeat.evaluate(SpringRepeat.java:84)
	at org.junit.runners.ParentRunner.runLeaf(ParentRunner.java:325)
	at org.springframework.test.context.junit4.SpringJUnit4ClassRunner.runChild(SpringJUnit4ClassRunner.java:254)
	at org.springframework.test.context.junit4.SpringJUnit4ClassRunner.runChild(SpringJUnit4ClassRunner.java:89)
	at org.junit.runners.ParentRunner$3.run(ParentRunner.java:290)
	at org.junit.runners.ParentRunner$1.schedule(ParentRunner.java:71)
	at org.junit.runners.ParentRunner.runChildren(ParentRunner.java:288)
	at org.junit.runners.ParentRunner.access$000(ParentRunner.java:58)
	at org.junit.runners.ParentRunner$2.evaluate(ParentRunner.java:268)
	at org.springframework.test.context.junit4.statements.RunBeforeTestClassCallbacks.evaluate(RunBeforeTestClassCallbacks.java:61)
	at org.springframework.test.context.junit4.statements.RunAfterTestClassCallbacks.evaluate(RunAfterTestClassCallbacks.java:70)
	at org.junit.runners.ParentRunner.run(ParentRunner.java:363)
	at org.springframework.test.context.junit4.SpringJUnit4ClassRunner.run(SpringJUnit4ClassRunner.java:193)
	at org.eclipse.jdt.internal.junit4.runner.JUnit4TestReference.run(JUnit4TestReference.java:50)
	at org.eclipse.jdt.internal.junit.runner.TestExecution.run(TestExecution.java:38)
	at org.eclipse.jdt.internal.junit.runner.RemoteTestRunner.runTests(RemoteTestRunner.java:459)
	at org.eclipse.jdt.internal.junit.runner.RemoteTestRunner.runTests(RemoteTestRunner.java:675)
	at org.eclipse.jdt.internal.junit.runner.RemoteTestRunner.run(RemoteTestRunner.java:382)
	at org.eclipse.jdt.internal.junit.runner.RemoteTestRunner.main(RemoteTestRunner.java:192)
2016-11-22 18:49:01,437[529ms][main][win.caicaikan.task.TaskTemplete][INFO] - 任务【LotterySsqTask】 END,耗时:0h0m0s
2016-11-22 18:49:12,911[0ms][main][win.caicaikan.task.TaskTemplete][INFO] - 任务【LotterySsqTask】START 
2016-11-22 18:49:13,206[295ms][main][win.caicaikan.task.TaskTemplete][ERROR] - LotterySsqTask execute error
java.lang.IndexOutOfBoundsException: Index: 0, Size: 0
	at java.util.ArrayList.rangeCheck(ArrayList.java:653)
	at java.util.ArrayList.get(ArrayList.java:429)
	at win.caicaikan.service.LotterySsqService.convertDocumentToResult(LotterySsqService.java:47)
	at win.caicaikan.service.BaseService.doGet(BaseService.java:30)
	at win.caicaikan.service.LotterySsqService.getSsqInfoByLotteryReq(LotterySsqService.java:27)
	at win.caicaikan.task.LotterySsqTask.run(LotterySsqTask.java:42)
	at win.caicaikan.task.TaskTemplete.execute(TaskTemplete.java:22)
	at win.caicaikan.task.LotterySsqTaskTest.testExecute(LotterySsqTaskTest.java:24)
	at sun.reflect.NativeMethodAccessorImpl.invoke0(Native Method)
	at sun.reflect.NativeMethodAccessorImpl.invoke(NativeMethodAccessorImpl.java:62)
	at sun.reflect.DelegatingMethodAccessorImpl.invoke(DelegatingMethodAccessorImpl.java:43)
	at java.lang.reflect.Method.invoke(Method.java:483)
	at org.junit.runners.model.FrameworkMethod$1.runReflectiveCall(FrameworkMethod.java:50)
	at org.junit.internal.runners.model.ReflectiveCallable.run(ReflectiveCallable.java:12)
	at org.junit.runners.model.FrameworkMethod.invokeExplosively(FrameworkMethod.java:47)
	at org.junit.internal.runners.statements.InvokeMethod.evaluate(InvokeMethod.java:17)
	at org.springframework.test.context.junit4.statements.RunBeforeTestMethodCallbacks.evaluate(RunBeforeTestMethodCallbacks.java:75)
	at org.springframework.test.context.junit4.statements.RunAfterTestMethodCallbacks.evaluate(RunAfterTestMethodCallbacks.java:86)
	at org.springframework.test.context.junit4.statements.SpringRepeat.evaluate(SpringRepeat.java:84)
	at org.junit.runners.ParentRunner.runLeaf(ParentRunner.java:325)
	at org.springframework.test.context.junit4.SpringJUnit4ClassRunner.runChild(SpringJUnit4ClassRunner.java:254)
	at org.springframework.test.context.junit4.SpringJUnit4ClassRunner.runChild(SpringJUnit4ClassRunner.java:89)
	at org.junit.runners.ParentRunner$3.run(ParentRunner.java:290)
	at org.junit.runners.ParentRunner$1.schedule(ParentRunner.java:71)
	at org.junit.runners.ParentRunner.runChildren(ParentRunner.java:288)
	at org.junit.runners.ParentRunner.access$000(ParentRunner.java:58)
	at org.junit.runners.ParentRunner$2.evaluate(ParentRunner.java:268)
	at org.springframework.test.context.junit4.statements.RunBeforeTestClassCallbacks.evaluate(RunBeforeTestClassCallbacks.java:61)
	at org.springframework.test.context.junit4.statements.RunAfterTestClassCallbacks.evaluate(RunAfterTestClassCallbacks.java:70)
	at org.junit.runners.ParentRunner.run(ParentRunner.java:363)
	at org.springframework.test.context.junit4.SpringJUnit4ClassRunner.run(SpringJUnit4ClassRunner.java:193)
	at org.eclipse.jdt.internal.junit4.runner.JUnit4TestReference.run(JUnit4TestReference.java:50)
	at org.eclipse.jdt.internal.junit.runner.TestExecution.run(TestExecution.java:38)
	at org.eclipse.jdt.internal.junit.runner.RemoteTestRunner.runTests(RemoteTestRunner.java:459)
	at org.eclipse.jdt.internal.junit.runner.RemoteTestRunner.runTests(RemoteTestRunner.java:675)
	at org.eclipse.jdt.internal.junit.runner.RemoteTestRunner.run(RemoteTestRunner.java:382)
	at org.eclipse.jdt.internal.junit.runner.RemoteTestRunner.main(RemoteTestRunner.java:192)
2016-11-22 18:49:13,209[298ms][main][win.caicaikan.task.TaskTemplete][INFO] - 任务【LotterySsqTask】 END,耗时:0h0m0s
2016-11-22 18:49:36,906[0ms][main][win.caicaikan.task.TaskTemplete][INFO] - 任务【LotterySsqTask】START 
2016-11-22 18:51:26,545[0ms][main][win.caicaikan.task.TaskTemplete][INFO] - 任务【LotterySsqTask】START 
2016-11-22 18:52:27,832[61287ms][main][win.caicaikan.task.TaskTemplete][ERROR] - LotterySsqTask execute error
java.lang.IndexOutOfBoundsException: Index: 0, Size: 0
	at java.util.ArrayList.rangeCheck(ArrayList.java:653)
	at java.util.ArrayList.get(ArrayList.java:429)
	at win.caicaikan.service.LotterySsqService.convertDocumentToResult(LotterySsqService.java:45)
	at win.caicaikan.service.BaseService.doGet(BaseService.java:30)
	at win.caicaikan.service.LotterySsqService.getSsqInfoByLotteryReq(LotterySsqService.java:27)
	at win.caicaikan.task.LotterySsqTask.run(LotterySsqTask.java:42)
	at win.caicaikan.task.TaskTemplete.execute(TaskTemplete.java:22)
	at win.caicaikan.task.LotterySsqTaskTest.testExecute(LotterySsqTaskTest.java:24)
	at sun.reflect.NativeMethodAccessorImpl.invoke0(Native Method)
	at sun.reflect.NativeMethodAccessorImpl.invoke(NativeMethodAccessorImpl.java:62)
	at sun.reflect.DelegatingMethodAccessorImpl.invoke(DelegatingMethodAccessorImpl.java:43)
	at java.lang.reflect.Method.invoke(Method.java:483)
	at org.junit.runners.model.FrameworkMethod$1.runReflectiveCall(FrameworkMethod.java:50)
	at org.junit.internal.runners.model.ReflectiveCallable.run(ReflectiveCallable.java:12)
	at org.junit.runners.model.FrameworkMethod.invokeExplosively(FrameworkMethod.java:47)
	at org.junit.internal.runners.statements.InvokeMethod.evaluate(InvokeMethod.java:17)
	at org.springframework.test.context.junit4.statements.RunBeforeTestMethodCallbacks.evaluate(RunBeforeTestMethodCallbacks.java:75)
	at org.springframework.test.context.junit4.statements.RunAfterTestMethodCallbacks.evaluate(RunAfterTestMethodCallbacks.java:86)
	at org.springframework.test.context.junit4.statements.SpringRepeat.evaluate(SpringRepeat.java:84)
	at org.junit.runners.ParentRunner.runLeaf(ParentRunner.java:325)
	at org.springframework.test.context.junit4.SpringJUnit4ClassRunner.runChild(SpringJUnit4ClassRunner.java:254)
	at org.springframework.test.context.junit4.SpringJUnit4ClassRunner.runChild(SpringJUnit4ClassRunner.java:89)
	at org.junit.runners.ParentRunner$3.run(ParentRunner.java:290)
	at org.junit.runners.ParentRunner$1.schedule(ParentRunner.java:71)
	at org.junit.runners.ParentRunner.runChildren(ParentRunner.java:288)
	at org.junit.runners.ParentRunner.access$000(ParentRunner.java:58)
	at org.junit.runners.ParentRunner$2.evaluate(ParentRunner.java:268)
	at org.springframework.test.context.junit4.statements.RunBeforeTestClassCallbacks.evaluate(RunBeforeTestClassCallbacks.java:61)
	at org.springframework.test.context.junit4.statements.RunAfterTestClassCallbacks.evaluate(RunAfterTestClassCallbacks.java:70)
	at org.junit.runners.ParentRunner.run(ParentRunner.java:363)
	at org.springframework.test.context.junit4.SpringJUnit4ClassRunner.run(SpringJUnit4ClassRunner.java:193)
	at org.eclipse.jdt.internal.junit4.runner.JUnit4TestReference.run(JUnit4TestReference.java:50)
	at org.eclipse.jdt.internal.junit.runner.TestExecution.run(TestExecution.java:38)
	at org.eclipse.jdt.internal.junit.runner.RemoteTestRunner.runTests(RemoteTestRunner.java:459)
	at org.eclipse.jdt.internal.junit.runner.RemoteTestRunner.runTests(RemoteTestRunner.java:675)
	at org.eclipse.jdt.internal.junit.runner.RemoteTestRunner.run(RemoteTestRunner.java:382)
	at org.eclipse.jdt.internal.junit.runner.RemoteTestRunner.main(RemoteTestRunner.java:192)
2016-11-22 18:52:27,843[61298ms][main][win.caicaikan.task.TaskTemplete][INFO] - 任务【LotterySsqTask】 END,耗时:0h1m1s
2016-11-22 18:53:06,785[0ms][main][win.caicaikan.task.TaskTemplete][INFO] - 任务【LotterySsqTask】START 
2016-11-22 18:53:50,336[43551ms][main][win.caicaikan.task.TaskTemplete][ERROR] - LotterySsqTask execute error
org.springframework.data.mongodb.UncategorizedMongoDbException: { "serverUsed" : "banzhuangong.cn:28017" , "ok" : 0.0 , "errmsg" : "not authorized on test_caicaikan to execute command { insert: \"lottery_ssq\", ordered: true, documents: [ { _id: \"2003089\", _class: \"win.caicaikan.repository.mongodb.entity.LotterySsqEntity\", openDate: \"2003-12-28\", redNumbers: \"\", blueNumber: \"\", firstPrizeCount: \"7\", firstPrizeAmount: \"5000000\", secondPrizeCount: \"8\", secondPrizeAmount: \"850524\" } ] }" , "code" : 13}; nested exception is com.mongodb.CommandFailureException: { "serverUsed" : "banzhuangong.cn:28017" , "ok" : 0.0 , "errmsg" : "not authorized on test_caicaikan to execute command { insert: \"lottery_ssq\", ordered: true, documents: [ { _id: \"2003089\", _class: \"win.caicaikan.repository.mongodb.entity.LotterySsqEntity\", openDate: \"2003-12-28\", redNumbers: \"\", blueNumber: \"\", firstPrizeCount: \"7\", firstPrizeAmount: \"5000000\", secondPrizeCount: \"8\", secondPrizeAmount: \"850524\" } ] }" , "code" : 13}
	at org.springframework.data.mongodb.core.MongoExceptionTranslator.translateExceptionIfPossible(MongoExceptionTranslator.java:107)
	at org.springframework.data.mongodb.core.MongoTemplate.potentiallyConvertRuntimeException(MongoTemplate.java:2114)
	at org.springframework.data.mongodb.core.MongoTemplate.execute(MongoTemplate.java:464)
	at org.springframework.data.mongodb.core.MongoTemplate.insertDBObject(MongoTemplate.java:1027)
	at org.springframework.data.mongodb.core.MongoTemplate.doInsert(MongoTemplate.java:838)
	at org.springframework.data.mongodb.core.MongoTemplate.insert(MongoTemplate.java:777)
	at org.springframework.data.mongodb.repository.support.SimpleMongoRepository.insert(SimpleMongoRepository.java:241)
	at sun.reflect.NativeMethodAccessorImpl.invoke0(Native Method)
	at sun.reflect.NativeMethodAccessorImpl.invoke(NativeMethodAccessorImpl.java:62)
	at sun.reflect.DelegatingMethodAccessorImpl.invoke(DelegatingMethodAccessorImpl.java:43)
	at java.lang.reflect.Method.invoke(Method.java:483)
	at org.springframework.data.repository.core.support.RepositoryFactorySupport$QueryExecutorMethodInterceptor.executeMethodOn(RepositoryFactorySupport.java:503)
	at org.springframework.data.repository.core.support.RepositoryFactorySupport$QueryExecutorMethodInterceptor.doInvoke(RepositoryFactorySupport.java:488)
	at org.springframework.data.repository.core.support.RepositoryFactorySupport$QueryExecutorMethodInterceptor.invoke(RepositoryFactorySupport.java:460)
	at org.springframework.aop.framework.ReflectiveMethodInvocation.proceed(ReflectiveMethodInvocation.java:179)
	at org.springframework.data.projection.DefaultMethodInvokingMethodInterceptor.invoke(DefaultMethodInvokingMethodInterceptor.java:61)
	at org.springframework.aop.framework.ReflectiveMethodInvocation.proceed(ReflectiveMethodInvocation.java:179)
	at org.springframework.aop.interceptor.ExposeInvocationInterceptor.invoke(ExposeInvocationInterceptor.java:92)
	at org.springframework.aop.framework.ReflectiveMethodInvocation.proceed(ReflectiveMethodInvocation.java:179)
	at org.springframework.aop.framework.JdkDynamicAopProxy.invoke(JdkDynamicAopProxy.java:208)
	at com.sun.proxy.$Proxy31.insert(Unknown Source)
	at win.caicaikan.task.LotterySsqTask.run(LotterySsqTask.java:53)
	at win.caicaikan.task.TaskTemplete.execute(TaskTemplete.java:22)
	at win.caicaikan.task.LotterySsqTaskTest.testExecute(LotterySsqTaskTest.java:24)
	at sun.reflect.NativeMethodAccessorImpl.invoke0(Native Method)
	at sun.reflect.NativeMethodAccessorImpl.invoke(NativeMethodAccessorImpl.java:62)
	at sun.reflect.DelegatingMethodAccessorImpl.invoke(DelegatingMethodAccessorImpl.java:43)
	at java.lang.reflect.Method.invoke(Method.java:483)
	at org.junit.runners.model.FrameworkMethod$1.runReflectiveCall(FrameworkMethod.java:50)
	at org.junit.internal.runners.model.ReflectiveCallable.run(ReflectiveCallable.java:12)
	at org.junit.runners.model.FrameworkMethod.invokeExplosively(FrameworkMethod.java:47)
	at org.junit.internal.runners.statements.InvokeMethod.evaluate(InvokeMethod.java:17)
	at org.springframework.test.context.junit4.statements.RunBeforeTestMethodCallbacks.evaluate(RunBeforeTestMethodCallbacks.java:75)
	at org.springframework.test.context.junit4.statements.RunAfterTestMethodCallbacks.evaluate(RunAfterTestMethodCallbacks.java:86)
	at org.springframework.test.context.junit4.statements.SpringRepeat.evaluate(SpringRepeat.java:84)
	at org.junit.runners.ParentRunner.runLeaf(ParentRunner.java:325)
	at org.springframework.test.context.junit4.SpringJUnit4ClassRunner.runChild(SpringJUnit4ClassRunner.java:254)
	at org.springframework.test.context.junit4.SpringJUnit4ClassRunner.runChild(SpringJUnit4ClassRunner.java:89)
	at org.junit.runners.ParentRunner$3.run(ParentRunner.java:290)
	at org.junit.runners.ParentRunner$1.schedule(ParentRunner.java:71)
	at org.junit.runners.ParentRunner.runChildren(ParentRunner.java:288)
	at org.junit.runners.ParentRunner.access$000(ParentRunner.java:58)
	at org.junit.runners.ParentRunner$2.evaluate(ParentRunner.java:268)
	at org.springframework.test.context.junit4.statements.RunBeforeTestClassCallbacks.evaluate(RunBeforeTestClassCallbacks.java:61)
	at org.springframework.test.context.junit4.statements.RunAfterTestClassCallbacks.evaluate(RunAfterTestClassCallbacks.java:70)
	at org.junit.runners.ParentRunner.run(ParentRunner.java:363)
	at org.springframework.test.context.junit4.SpringJUnit4ClassRunner.run(SpringJUnit4ClassRunner.java:193)
	at org.eclipse.jdt.internal.junit4.runner.JUnit4TestReference.run(JUnit4TestReference.java:50)
	at org.eclipse.jdt.internal.junit.runner.TestExecution.run(TestExecution.java:38)
	at org.eclipse.jdt.internal.junit.runner.RemoteTestRunner.runTests(RemoteTestRunner.java:459)
	at org.eclipse.jdt.internal.junit.runner.RemoteTestRunner.runTests(RemoteTestRunner.java:675)
	at org.eclipse.jdt.internal.junit.runner.RemoteTestRunner.run(RemoteTestRunner.java:382)
	at org.eclipse.jdt.internal.junit.runner.RemoteTestRunner.main(RemoteTestRunner.java:192)
Caused by: com.mongodb.CommandFailureException: { "serverUsed" : "banzhuangong.cn:28017" , "ok" : 0.0 , "errmsg" : "not authorized on test_caicaikan to execute command { insert: \"lottery_ssq\", ordered: true, documents: [ { _id: \"2003089\", _class: \"win.caicaikan.repository.mongodb.entity.LotterySsqEntity\", openDate: \"2003-12-28\", redNumbers: \"\", blueNumber: \"\", firstPrizeCount: \"7\", firstPrizeAmount: \"5000000\", secondPrizeCount: \"8\", secondPrizeAmount: \"850524\" } ] }" , "code" : 13}
	at com.mongodb.CommandResult.getException(CommandResult.java:76)
	at com.mongodb.CommandResult.throwOnError(CommandResult.java:140)
	at com.mongodb.DBCollectionImpl.receiveWriteCommandMessage(DBCollectionImpl.java:650)
	at com.mongodb.DBCollectionImpl.access$400(DBCollectionImpl.java:50)
	at com.mongodb.DBCollectionImpl$4.execute(DBCollectionImpl.java:579)
	at com.mongodb.DBCollectionImpl$4.execute(DBCollectionImpl.java:566)
	at com.mongodb.DBPort.doOperation(DBPort.java:187)
	at com.mongodb.DBTCPConnector.doOperation(DBTCPConnector.java:208)
	at com.mongodb.DBCollectionImpl.writeWithCommandProtocol(DBCollectionImpl.java:566)
	at com.mongodb.DBCollectionImpl.insertWithCommandProtocol(DBCollectionImpl.java:527)
	at com.mongodb.DBCollectionImpl.insertImpl(DBCollectionImpl.java:205)
	at com.mongodb.DBCollection.insert(DBCollection.java:176)
	at com.mongodb.DBCollection.insert(DBCollection.java:93)
	at com.mongodb.DBCollection.insert(DBCollection.java:78)
	at com.mongodb.DBCollection.insert(DBCollection.java:120)
	at org.springframework.data.mongodb.core.MongoTemplate$9.doInCollection(MongoTemplate.java:1032)
	at org.springframework.data.mongodb.core.MongoTemplate.execute(MongoTemplate.java:462)
	... 50 more
2016-11-22 18:53:50,348[43563ms][main][win.caicaikan.task.TaskTemplete][INFO] - 任务【LotterySsqTask】 END,耗时:0h0m43s
